{"level":"\u001b[31merror\u001b[39m","timestamp":"2023-06-10 12:26:26"}
{"level":"\u001b[31merror\u001b[39m","timestamp":"2023-06-10 12:26:32"}
{"level":"\u001b[31merror\u001b[39m","timestamp":"2023-06-10 12:36:25"}
{"level":"\u001b[31merror\u001b[39m","timestamp":"2023-06-10 12:36:49"}
{"level":"\u001b[31merror\u001b[39m","timestamp":"2023-06-10 12:37:57"}
{"level":"\u001b[31merror\u001b[39m","timestamp":"2023-06-10 12:38:29"}
{"_message":"User validation failed","errors":{"password":{"kind":"string","message":"Cast to string failed for value \"Promise { <pending> }\" (type Promise) at path \"password\"","name":"CastError","path":"password","reason":null,"stringValue":"\"Promise { <pending> }\"","value":{},"valueType":"Promise"}},"level":"\u001b[31merror\u001b[39m","timestamp":"2023-06-10 12:39:00"}
{"_message":"User validation failed","errors":{"password":{"kind":"string","message":"Cast to string failed for value \"Promise { <pending> }\" (type Promise) at path \"password\"","name":"CastError","path":"password","reason":null,"stringValue":"\"Promise { <pending> }\"","value":{},"valueType":"Promise"}},"level":"\u001b[31merror\u001b[39m","timestamp":"2023-06-10 12:39:28"}
{"level":"\u001b[31merror\u001b[39m","timestamp":"2023-06-10 13:58:38"}
{"level":"\u001b[31merror\u001b[39m","timestamp":"2023-06-10 13:59:18"}
{"level":"\u001b[31merror\u001b[39m","timestamp":"2023-06-10 14:06:37"}
{"level":"\u001b[31merror\u001b[39m","timestamp":"2023-06-10 14:08:33"}
{"level":"\u001b[31merror\u001b[39m","timestamp":"2023-06-10 14:10:02"}
{"level":"\u001b[31merror\u001b[39m","timestamp":"2023-06-10 14:11:56"}
{"_message":"User validation failed","errors":{"profilePicture":{"kind":"string","message":"Cast to string failed for value \"{}\" (type Object) at path \"profilePicture\"","name":"CastError","path":"profilePicture","reason":null,"stringValue":"\"{}\"","value":{},"valueType":"Object"}},"level":"\u001b[31merror\u001b[39m","timestamp":"2023-06-10 14:25:14"}
{"level":"\u001b[31merror\u001b[39m","timestamp":"2023-06-13 12:49:39"}
{"level":"\u001b[31merror\u001b[39m","timestamp":"2023-06-13 12:51:20"}
{"level":"\u001b[31merror\u001b[39m","timestamp":"2023-06-13 12:53:05"}
{"level":"\u001b[31merror\u001b[39m","timestamp":"2023-06-13 12:53:34"}
{"level":"\u001b[31merror\u001b[39m","timestamp":"2023-06-13 12:53:48"}
{"level":"\u001b[31merror\u001b[39m","timestamp":"2023-06-13 13:04:14"}
{"level":"\u001b[31merror\u001b[39m","timestamp":"2023-06-13 13:05:20"}
{"level":"\u001b[31merror\u001b[39m","timestamp":"2023-06-13 13:06:21"}
{"level":"\u001b[31merror\u001b[39m","timestamp":"2023-06-13 13:06:48"}
{"level":"\u001b[31merror\u001b[39m","timestamp":"2023-06-13 13:07:57"}
{"level":"\u001b[31merror\u001b[39m","timestamp":"2023-06-13 13:08:38"}
{"level":"\u001b[31merror\u001b[39m","timestamp":"2023-06-13 13:34:45"}
{"level":"\u001b[31merror\u001b[39m","timestamp":"2023-06-13 13:35:15"}
{"level":"\u001b[31merror\u001b[39m","timestamp":"2023-06-13 13:35:34"}
{"level":"\u001b[31merror\u001b[39m","timestamp":"2023-06-13 13:43:55"}
{"level":"\u001b[31merror\u001b[39m","timestamp":"2023-06-13 13:45:28"}
{"level":"\u001b[31merror\u001b[39m","timestamp":"2023-06-13 13:49:14"}
{"level":"\u001b[31merror\u001b[39m","timestamp":"2023-06-13 13:49:39"}
{"level":"\u001b[31merror\u001b[39m","timestamp":"2023-06-13 13:50:54"}
{"level":"\u001b[31merror\u001b[39m","timestamp":"2023-06-13 13:51:58"}
{"level":"\u001b[31merror\u001b[39m","timestamp":"2023-06-13 13:52:28"}
{"level":"\u001b[31merror\u001b[39m","timestamp":"2023-06-14 11:24:00"}
{"code":"ERR_HTTP_HEADERS_SENT","level":"\u001b[31merror\u001b[39m","timestamp":"2023-06-14 11:36:45"}
{"code":"ERR_HTTP_HEADERS_SENT","level":"\u001b[31merror\u001b[39m","timestamp":"2023-06-14 11:38:27"}
{"code":"ERR_HTTP_HEADERS_SENT","level":"\u001b[31merror\u001b[39m","timestamp":"2023-06-14 11:41:17"}
{"code":"ERR_HTTP_HEADERS_SENT","level":"\u001b[31merror\u001b[39m","timestamp":"2023-06-14 11:43:28"}
{"code":"ERR_HTTP_HEADERS_SENT","level":"\u001b[31merror\u001b[39m","timestamp":"2023-06-14 11:44:06"}
{"code":"ERR_HTTP_HEADERS_SENT","level":"\u001b[31merror\u001b[39m","timestamp":"2023-06-14 11:44:34"}
{"code":"ERR_HTTP_HEADERS_SENT","level":"\u001b[31merror\u001b[39m","timestamp":"2023-06-14 11:46:17"}
{"code":"ERR_HTTP_HEADERS_SENT","level":"\u001b[31merror\u001b[39m","timestamp":"2023-06-14 11:52:14"}
{"kind":"ObjectId","level":"\u001b[31merror\u001b[39m","path":"_id","reason":{},"stringValue":"\"6489589ae18b2c4e3a107d8c \"","timestamp":"2023-06-14 11:57:56","value":"6489589ae18b2c4e3a107d8c ","valueType":"string"}
{"kind":"ObjectId","level":"\u001b[31merror\u001b[39m","path":"_id","reason":{},"stringValue":"\"6489589ae18b2c4e3a107d8c \"","timestamp":"2023-06-14 12:00:37","value":"6489589ae18b2c4e3a107d8c ","valueType":"string"}
{"kind":"ObjectId","level":"\u001b[31merror\u001b[39m","path":"_id","reason":{},"stringValue":"\"6489589ae18b2c4e3a107d8c \"","timestamp":"2023-06-14 12:01:15","value":"6489589ae18b2c4e3a107d8c ","valueType":"string"}
{"kind":"ObjectId","level":"\u001b[31merror\u001b[39m","path":"_id","reason":{},"stringValue":"\"6489589ae18b2c4e3a107d8c \"","timestamp":"2023-06-14 12:01:27","value":"6489589ae18b2c4e3a107d8c ","valueType":"string"}
{"code":"ERR_HTTP_HEADERS_SENT","level":"\u001b[31merror\u001b[39m","timestamp":"2023-06-14 12:18:08"}
{"code":"ERR_HTTP_HEADERS_SENT","level":"\u001b[31merror\u001b[39m","timestamp":"2023-06-14 12:24:37"}
{"level":"\u001b[31merror\u001b[39m","path":"user","timestamp":"2023-06-14 14:24:25"}
